Analysis & Synthesis report for CookieJar
Tue Dec 13 11:04:01 2022
Quartus Prime Version 21.1.1 Build 850 06/23/2022 SJ Lite Edition


---------------------
; Table of Contents ;
---------------------
  1. Legal Notice
  2. Analysis & Synthesis Summary
  3. Analysis & Synthesis Settings
  4. Parallel Compilation
  5. Analysis & Synthesis Source Files Read
  6. Analysis & Synthesis Resource Usage Summary
  7. Analysis & Synthesis Resource Utilization by Entity
  8. User-Specified and Inferred Latches
  9. General Register Statistics
 10. Multiplexer Restructuring Statistics (Restructuring Performed)
 11. Port Connectivity Checks: "seven_segment_display:sevenSeg5"
 12. Port Connectivity Checks: "seven_segment_display:sevenSeg4"
 13. Port Connectivity Checks: "seven_segment_display:sevenSeg3"
 14. Port Connectivity Checks: "seven_segment_display:sevenSeg2"
 15. Post-Synthesis Netlist Statistics for Top Partition
 16. Elapsed Time Per Partition
 17. Analysis & Synthesis Messages



----------------
; Legal Notice ;
----------------
Copyright (C) 2022  Intel Corporation. All rights reserved.
Your use of Intel Corporation's design tools, logic functions 
and other software and tools, and any partner logic 
functions, and any output files from any of the foregoing 
(including device programming or simulation files), and any 
associated documentation or information are expressly subject 
to the terms and conditions of the Intel Program License 
Subscription Agreement, the Intel Quartus Prime License Agreement,
the Intel FPGA IP License Agreement, or other applicable license
agreement, including, without limitation, that your use is for
the sole purpose of programming logic devices manufactured by
Intel and sold by Intel or its authorized distributors.  Please
refer to the applicable agreement for further details, at
https://fpgasoftware.intel.com/eula.



+----------------------------------------------------------------------------------+
; Analysis & Synthesis Summary                                                     ;
+------------------------------------+---------------------------------------------+
; Analysis & Synthesis Status        ; Successful - Tue Dec 13 11:04:01 2022       ;
; Quartus Prime Version              ; 21.1.1 Build 850 06/23/2022 SJ Lite Edition ;
; Revision Name                      ; CookieJar                                   ;
; Top-level Entity Name              ; CookieJar                                   ;
; Family                             ; MAX 10                                      ;
; Total logic elements               ; 32                                          ;
;     Total combinational functions  ; 32                                          ;
;     Dedicated logic registers      ; 0                                           ;
; Total registers                    ; 0                                           ;
; Total pins                         ; 48                                          ;
; Total virtual pins                 ; 0                                           ;
; Total memory bits                  ; 0                                           ;
; Embedded Multiplier 9-bit elements ; 0                                           ;
; Total PLLs                         ; 0                                           ;
; UFM blocks                         ; 0                                           ;
; ADC blocks                         ; 0                                           ;
+------------------------------------+---------------------------------------------+


+------------------------------------------------------------------------------------------------------------+
; Analysis & Synthesis Settings                                                                              ;
+------------------------------------------------------------------+--------------------+--------------------+
; Option                                                           ; Setting            ; Default Value      ;
+------------------------------------------------------------------+--------------------+--------------------+
; Device                                                           ; 10M50DAF484C7G     ;                    ;
; Top-level entity name                                            ; CookieJar          ; CookieJar          ;
; Family name                                                      ; MAX 10             ; Cyclone V          ;
; Use smart compilation                                            ; Off                ; Off                ;
; Enable parallel Assembler and Timing Analyzer during compilation ; On                 ; On                 ;
; Enable compact report table                                      ; Off                ; Off                ;
; Restructure Multiplexers                                         ; Auto               ; Auto               ;
; Create Debugging Nodes for IP Cores                              ; Off                ; Off                ;
; Preserve fewer node names                                        ; On                 ; On                 ;
; Intel FPGA IP Evaluation Mode                                    ; Enable             ; Enable             ;
; Verilog Version                                                  ; Verilog_2001       ; Verilog_2001       ;
; VHDL Version                                                     ; VHDL_1993          ; VHDL_1993          ;
; State Machine Processing                                         ; Auto               ; Auto               ;
; Safe State Machine                                               ; Off                ; Off                ;
; Extract Verilog State Machines                                   ; On                 ; On                 ;
; Extract VHDL State Machines                                      ; On                 ; On                 ;
; Ignore Verilog initial constructs                                ; Off                ; Off                ;
; Iteration limit for constant Verilog loops                       ; 5000               ; 5000               ;
; Iteration limit for non-constant Verilog loops                   ; 250                ; 250                ;
; Add Pass-Through Logic to Inferred RAMs                          ; On                 ; On                 ;
; Infer RAMs from Raw Logic                                        ; On                 ; On                 ;
; Parallel Synthesis                                               ; On                 ; On                 ;
; DSP Block Balancing                                              ; Auto               ; Auto               ;
; NOT Gate Push-Back                                               ; On                 ; On                 ;
; Power-Up Don't Care                                              ; On                 ; On                 ;
; Remove Redundant Logic Cells                                     ; Off                ; Off                ;
; Remove Duplicate Registers                                       ; On                 ; On                 ;
; Ignore CARRY Buffers                                             ; Off                ; Off                ;
; Ignore CASCADE Buffers                                           ; Off                ; Off                ;
; Ignore GLOBAL Buffers                                            ; Off                ; Off                ;
; Ignore ROW GLOBAL Buffers                                        ; Off                ; Off                ;
; Ignore LCELL Buffers                                             ; Off                ; Off                ;
; Ignore SOFT Buffers                                              ; On                 ; On                 ;
; Limit AHDL Integers to 32 Bits                                   ; Off                ; Off                ;
; Optimization Technique                                           ; Balanced           ; Balanced           ;
; Carry Chain Length                                               ; 70                 ; 70                 ;
; Auto Carry Chains                                                ; On                 ; On                 ;
; Auto Open-Drain Pins                                             ; On                 ; On                 ;
; Perform WYSIWYG Primitive Resynthesis                            ; Off                ; Off                ;
; Auto ROM Replacement                                             ; On                 ; On                 ;
; Auto RAM Replacement                                             ; On                 ; On                 ;
; Auto DSP Block Replacement                                       ; On                 ; On                 ;
; Auto Shift Register Replacement                                  ; Auto               ; Auto               ;
; Allow Shift Register Merging across Hierarchies                  ; Auto               ; Auto               ;
; Auto Clock Enable Replacement                                    ; On                 ; On                 ;
; Strict RAM Replacement                                           ; Off                ; Off                ;
; Allow Synchronous Control Signals                                ; On                 ; On                 ;
; Force Use of Synchronous Clear Signals                           ; Off                ; Off                ;
; Auto RAM Block Balancing                                         ; On                 ; On                 ;
; Auto RAM to Logic Cell Conversion                                ; Off                ; Off                ;
; Auto Resource Sharing                                            ; Off                ; Off                ;
; Allow Any RAM Size For Recognition                               ; Off                ; Off                ;
; Allow Any ROM Size For Recognition                               ; Off                ; Off                ;
; Allow Any Shift Register Size For Recognition                    ; Off                ; Off                ;
; Use LogicLock Constraints during Resource Balancing              ; On                 ; On                 ;
; Ignore translate_off and synthesis_off directives                ; Off                ; Off                ;
; Timing-Driven Synthesis                                          ; On                 ; On                 ;
; Report Parameter Settings                                        ; On                 ; On                 ;
; Report Source Assignments                                        ; On                 ; On                 ;
; Report Connectivity Checks                                       ; On                 ; On                 ;
; Ignore Maximum Fan-Out Assignments                               ; Off                ; Off                ;
; Synchronization Register Chain Length                            ; 2                  ; 2                  ;
; Power Optimization During Synthesis                              ; Normal compilation ; Normal compilation ;
; HDL message level                                                ; Level2             ; Level2             ;
; Suppress Register Optimization Related Messages                  ; Off                ; Off                ;
; Number of Removed Registers Reported in Synthesis Report         ; 5000               ; 5000               ;
; Number of Swept Nodes Reported in Synthesis Report               ; 5000               ; 5000               ;
; Number of Inverted Registers Reported in Synthesis Report        ; 100                ; 100                ;
; Clock MUX Protection                                             ; On                 ; On                 ;
; Auto Gated Clock Conversion                                      ; Off                ; Off                ;
; Block Design Naming                                              ; Auto               ; Auto               ;
; SDC constraint protection                                        ; Off                ; Off                ;
; Synthesis Effort                                                 ; Auto               ; Auto               ;
; Shift Register Replacement - Allow Asynchronous Clear Signal     ; On                 ; On                 ;
; Pre-Mapping Resynthesis Optimization                             ; Off                ; Off                ;
; Analysis & Synthesis Message Level                               ; Medium             ; Medium             ;
; Disable Register Merging Across Hierarchies                      ; Auto               ; Auto               ;
; Resource Aware Inference For Block RAM                           ; On                 ; On                 ;
+------------------------------------------------------------------+--------------------+--------------------+


+------------------------------------------+
; Parallel Compilation                     ;
+----------------------------+-------------+
; Processors                 ; Number      ;
+----------------------------+-------------+
; Number detected on machine ; 8           ;
; Maximum allowed            ; 4           ;
;                            ;             ;
; Average used               ; 1.00        ;
; Maximum used               ; 4           ;
;                            ;             ;
; Usage by Processor         ; % Time Used ;
;     Processor 1            ; 100.0%      ;
;     Processors 2-4         ;   0.1%      ;
+----------------------------+-------------+


+------------------------------------------------------------------------------------------------------------------------------------------------------------+
; Analysis & Synthesis Source Files Read                                                                                                                     ;
+----------------------------------+-----------------+-----------------+---------------------------------------------------------------------------+---------+
; File Name with User-Entered Path ; Used in Netlist ; File Type       ; File Name with Absolute Path                                              ; Library ;
+----------------------------------+-----------------+-----------------+---------------------------------------------------------------------------+---------+
; CookieJar.vhd                    ; yes             ; User VHDL File  ; D:/important_stuff/GUC/Sem5/DSD/Project/project/CookieJar.vhd             ;         ;
; seven_segment_display.vhd        ; yes             ; User VHDL File  ; D:/important_stuff/GUC/Sem5/DSD/Project/project/seven_segment_display.vhd ;         ;
+----------------------------------+-----------------+-----------------+---------------------------------------------------------------------------+---------+


+-----------------------------------------------------------+
; Analysis & Synthesis Resource Usage Summary               ;
+---------------------------------------------+-------------+
; Resource                                    ; Usage       ;
+---------------------------------------------+-------------+
; Estimated Total logic elements              ; 32          ;
;                                             ;             ;
; Total combinational functions               ; 32          ;
; Logic element usage by number of LUT inputs ;             ;
;     -- 4 input functions                    ; 17          ;
;     -- 3 input functions                    ; 5           ;
;     -- <=2 input functions                  ; 10          ;
;                                             ;             ;
; Logic elements by mode                      ;             ;
;     -- normal mode                          ; 29          ;
;     -- arithmetic mode                      ; 3           ;
;                                             ;             ;
; Total registers                             ; 0           ;
;     -- Dedicated logic registers            ; 0           ;
;     -- I/O registers                        ; 0           ;
;                                             ;             ;
; I/O pins                                    ; 48          ;
;                                             ;             ;
; Embedded Multiplier 9-bit elements          ; 0           ;
;                                             ;             ;
; Maximum fan-out node                        ; LessThan4~0 ;
; Maximum fan-out                             ; 18          ;
; Total fan-out                               ; 174         ;
; Average fan-out                             ; 1.36        ;
+---------------------------------------------+-------------+


+-------------------------------------------------------------------------------------------------------------------------------------------------------------------------------------------------------------------------------------------------------------------------------+
; Analysis & Synthesis Resource Utilization by Entity                                                                                                                                                                                                                           ;
+--------------------------------------+---------------------+---------------------------+-------------+------------+--------------+---------+-----------+------+--------------+------------+--------------------------------------------+-----------------------+--------------+
; Compilation Hierarchy Node           ; Combinational ALUTs ; Dedicated Logic Registers ; Memory Bits ; UFM Blocks ; DSP Elements ; DSP 9x9 ; DSP 18x18 ; Pins ; Virtual Pins ; ADC blocks ; Full Hierarchy Name                        ; Entity Name           ; Library Name ;
+--------------------------------------+---------------------+---------------------------+-------------+------------+--------------+---------+-----------+------+--------------+------------+--------------------------------------------+-----------------------+--------------+
; |CookieJar                           ; 32 (22)             ; 0 (0)                     ; 0           ; 0          ; 0            ; 0       ; 0         ; 48   ; 0            ; 0          ; |CookieJar                                 ; CookieJar             ; work         ;
;    |seven_segment_display:sevenSeg0| ; 7 (7)               ; 0 (0)                     ; 0           ; 0          ; 0            ; 0       ; 0         ; 0    ; 0            ; 0          ; |CookieJar|seven_segment_display:sevenSeg0 ; seven_segment_display ; work         ;
;    |seven_segment_display:sevenSeg1| ; 3 (3)               ; 0 (0)                     ; 0           ; 0          ; 0            ; 0       ; 0         ; 0    ; 0            ; 0          ; |CookieJar|seven_segment_display:sevenSeg1 ; seven_segment_display ; work         ;
+--------------------------------------+---------------------+---------------------------+-------------+------------+--------------+---------+-----------+------+--------------+------------+--------------------------------------------+-----------------------+--------------+
Note: For table entries with two numbers listed, the numbers in parentheses indicate the number of resources of the given type used by the specific entity alone. The numbers listed outside of parentheses indicate the total resources of the given type used by the specific entity and all of its sub-entities in the hierarchy.


+---------------------------------------------------------------------------------------------------+
; User-Specified and Inferred Latches                                                               ;
+----------------------------------------------------+---------------------+------------------------+
; Latch Name                                         ; Latch Enable Signal ; Free of Timing Hazards ;
+----------------------------------------------------+---------------------+------------------------+
; tempCount[4]                                       ; LessThan4           ; yes                    ;
; tempCount[3]                                       ; LessThan4           ; yes                    ;
; tempCount[2]                                       ; LessThan4           ; yes                    ;
; tempCount[5]                                       ; LessThan4           ; yes                    ;
; tempCount[6]                                       ; LessThan4           ; yes                    ;
; tempCount[7]                                       ; LessThan4           ; yes                    ;
; tempCount[1]                                       ; LessThan4           ; yes                    ;
; tempCount[0]                                       ; LessThan4           ; yes                    ;
; Number of user-specified and inferred latches = 8  ;                     ;                        ;
+----------------------------------------------------+---------------------+------------------------+
Note: All latches listed above may not be present at the end of synthesis due to various synthesis optimizations.


+------------------------------------------------------+
; General Register Statistics                          ;
+----------------------------------------------+-------+
; Statistic                                    ; Value ;
+----------------------------------------------+-------+
; Total registers                              ; 0     ;
; Number of registers using Synchronous Clear  ; 0     ;
; Number of registers using Synchronous Load   ; 0     ;
; Number of registers using Asynchronous Clear ; 0     ;
; Number of registers using Asynchronous Load  ; 0     ;
; Number of registers using Clock Enable       ; 0     ;
; Number of registers using Preset             ; 0     ;
+----------------------------------------------+-------+


+------------------------------------------------------------------------------------------------------------------------------------------+
; Multiplexer Restructuring Statistics (Restructuring Performed)                                                                           ;
+--------------------+-----------+---------------+----------------------+------------------------+------------+----------------------------+
; Multiplexer Inputs ; Bus Width ; Baseline Area ; Area if Restructured ; Saving if Restructured ; Registered ; Example Multiplexer Output ;
+--------------------+-----------+---------------+----------------------+------------------------+------------+----------------------------+
; 5:1                ; 6 bits    ; 18 LEs        ; 18 LEs               ; 0 LEs                  ; No         ; |CookieJar|ss1[3]          ;
+--------------------+-----------+---------------+----------------------+------------------------+------------+----------------------------+


+-------------------------------------------------------------+
; Port Connectivity Checks: "seven_segment_display:sevenSeg5" ;
+--------+-------+----------+---------------------------------+
; Port   ; Type  ; Severity ; Details                         ;
+--------+-------+----------+---------------------------------+
; bcd[2] ; Input ; Info     ; Stuck at GND                    ;
; bcd[0] ; Input ; Info     ; Stuck at GND                    ;
+--------+-------+----------+---------------------------------+


+-------------------------------------------------------------+
; Port Connectivity Checks: "seven_segment_display:sevenSeg4" ;
+--------+-------+----------+---------------------------------+
; Port   ; Type  ; Severity ; Details                         ;
+--------+-------+----------+---------------------------------+
; bcd[2] ; Input ; Info     ; Stuck at GND                    ;
+--------+-------+----------+---------------------------------+


+-------------------------------------------------------------+
; Port Connectivity Checks: "seven_segment_display:sevenSeg3" ;
+-----------+-------+----------+------------------------------+
; Port      ; Type  ; Severity ; Details                      ;
+-----------+-------+----------+------------------------------+
; bcd[1..0] ; Input ; Info     ; Stuck at GND                 ;
+-----------+-------+----------+------------------------------+


+-------------------------------------------------------------+
; Port Connectivity Checks: "seven_segment_display:sevenSeg2" ;
+--------+-------+----------+---------------------------------+
; Port   ; Type  ; Severity ; Details                         ;
+--------+-------+----------+---------------------------------+
; bcd[1] ; Input ; Info     ; Stuck at GND                    ;
+--------+-------+----------+---------------------------------+


+-----------------------------------------------------+
; Post-Synthesis Netlist Statistics for Top Partition ;
+-----------------------+-----------------------------+
; Type                  ; Count                       ;
+-----------------------+-----------------------------+
; boundary_port         ; 48                          ;
; cycloneiii_lcell_comb ; 37                          ;
;     arith             ; 3                           ;
;         2 data inputs ; 3                           ;
;     normal            ; 34                          ;
;         0 data inputs ; 3                           ;
;         1 data inputs ; 3                           ;
;         2 data inputs ; 6                           ;
;         3 data inputs ; 5                           ;
;         4 data inputs ; 17                          ;
;                       ;                             ;
; Max LUT depth         ; 5.10                        ;
; Average LUT depth     ; 3.46                        ;
+-----------------------+-----------------------------+


+-------------------------------+
; Elapsed Time Per Partition    ;
+----------------+--------------+
; Partition Name ; Elapsed Time ;
+----------------+--------------+
; Top            ; 00:00:02     ;
+----------------+--------------+


+-------------------------------+
; Analysis & Synthesis Messages ;
+-------------------------------+
Info: *******************************************************************
Info: Running Quartus Prime Analysis & Synthesis
    Info: Version 21.1.1 Build 850 06/23/2022 SJ Lite Edition
    Info: Processing started: Tue Dec 13 11:03:32 2022
Info: Command: quartus_map --read_settings_files=on --write_settings_files=off CookieJar -c CookieJar
Warning (18236): Number of processors has not been specified which may cause overloading on shared machines.  Set the global assignment NUM_PARALLEL_PROCESSORS in your QSF to an appropriate value for best performance.
Info (20030): Parallel compilation is enabled and will use 4 of the 4 processors detected
Info (12021): Found 2 design units, including 1 entities, in source file cookiejar.vhd
    Info (12022): Found design unit 1: CookieJar-logic_of_cookieJarr File: D:/important_stuff/GUC/Sem5/DSD/Project/project/CookieJar.vhd Line: 15
    Info (12023): Found entity 1: CookieJar File: D:/important_stuff/GUC/Sem5/DSD/Project/project/CookieJar.vhd Line: 8
Info (12021): Found 0 design units, including 0 entities, in source file adder4.vhd
Info (12021): Found 3 design units, including 1 entities, in source file seven_segment_display.vhd
    Info (12022): Found design unit 1: seven_segment_display-behavioral File: D:/important_stuff/GUC/Sem5/DSD/Project/project/seven_segment_display.vhd Line: 9
    Info (12022): Found design unit 2: seven_segment_package File: D:/important_stuff/GUC/Sem5/DSD/Project/project/seven_segment_display.vhd Line: 39
    Info (12023): Found entity 1: seven_segment_display File: D:/important_stuff/GUC/Sem5/DSD/Project/project/seven_segment_display.vhd Line: 4
Info (12127): Elaborating entity "CookieJar" for the top level hierarchy
Warning (10540): VHDL Signal Declaration warning at CookieJar.vhd(16): used explicit default value for signal "count" because signal was never assigned a value File: D:/important_stuff/GUC/Sem5/DSD/Project/project/CookieJar.vhd Line: 16
Warning (10036): Verilog HDL or VHDL warning at CookieJar.vhd(17): object "bcd" assigned a value but never read File: D:/important_stuff/GUC/Sem5/DSD/Project/project/CookieJar.vhd Line: 17
Info (10041): Inferred latch for "tempCount[0]" at CookieJar.vhd(41) File: D:/important_stuff/GUC/Sem5/DSD/Project/project/CookieJar.vhd Line: 41
Info (10041): Inferred latch for "tempCount[1]" at CookieJar.vhd(41) File: D:/important_stuff/GUC/Sem5/DSD/Project/project/CookieJar.vhd Line: 41
Info (10041): Inferred latch for "tempCount[2]" at CookieJar.vhd(41) File: D:/important_stuff/GUC/Sem5/DSD/Project/project/CookieJar.vhd Line: 41
Info (10041): Inferred latch for "tempCount[3]" at CookieJar.vhd(41) File: D:/important_stuff/GUC/Sem5/DSD/Project/project/CookieJar.vhd Line: 41
Info (10041): Inferred latch for "tempCount[4]" at CookieJar.vhd(41) File: D:/important_stuff/GUC/Sem5/DSD/Project/project/CookieJar.vhd Line: 41
Info (10041): Inferred latch for "tempCount[5]" at CookieJar.vhd(41) File: D:/important_stuff/GUC/Sem5/DSD/Project/project/CookieJar.vhd Line: 41
Info (10041): Inferred latch for "tempCount[6]" at CookieJar.vhd(41) File: D:/important_stuff/GUC/Sem5/DSD/Project/project/CookieJar.vhd Line: 41
Info (10041): Inferred latch for "tempCount[7]" at CookieJar.vhd(41) File: D:/important_stuff/GUC/Sem5/DSD/Project/project/CookieJar.vhd Line: 41
Info (12128): Elaborating entity "seven_segment_display" for hierarchy "seven_segment_display:sevenSeg0" File: D:/important_stuff/GUC/Sem5/DSD/Project/project/CookieJar.vhd Line: 23
Info (13025): Duplicate LATCH primitives merged into single LATCH primitive
    Info (13026): Duplicate LATCH primitive "tempCount[5]" merged with LATCH primitive "tempCount[4]" File: D:/important_stuff/GUC/Sem5/DSD/Project/project/CookieJar.vhd Line: 41
    Info (13026): Duplicate LATCH primitive "tempCount[6]" merged with LATCH primitive "tempCount[4]" File: D:/important_stuff/GUC/Sem5/DSD/Project/project/CookieJar.vhd Line: 41
    Info (13026): Duplicate LATCH primitive "tempCount[7]" merged with LATCH primitive "tempCount[4]" File: D:/important_stuff/GUC/Sem5/DSD/Project/project/CookieJar.vhd Line: 41
Warning (13012): Latch tempCount[4] has unsafe behavior File: D:/important_stuff/GUC/Sem5/DSD/Project/project/CookieJar.vhd Line: 41
    Warning (13013): Ports D and ENA on the latch are fed by the same signal keypad[3] File: D:/important_stuff/GUC/Sem5/DSD/Project/project/CookieJar.vhd Line: 10
Warning (13012): Latch tempCount[3] has unsafe behavior File: D:/important_stuff/GUC/Sem5/DSD/Project/project/CookieJar.vhd Line: 41
    Warning (13013): Ports D and ENA on the latch are fed by the same signal keypad[3] File: D:/important_stuff/GUC/Sem5/DSD/Project/project/CookieJar.vhd Line: 10
Warning (13012): Latch tempCount[2] has unsafe behavior File: D:/important_stuff/GUC/Sem5/DSD/Project/project/CookieJar.vhd Line: 41
    Warning (13013): Ports D and ENA on the latch are fed by the same signal keypad[2] File: D:/important_stuff/GUC/Sem5/DSD/Project/project/CookieJar.vhd Line: 10
Warning (13012): Latch tempCount[1] has unsafe behavior File: D:/important_stuff/GUC/Sem5/DSD/Project/project/CookieJar.vhd Line: 41
    Warning (13013): Ports D and ENA on the latch are fed by the same signal keypad[0] File: D:/important_stuff/GUC/Sem5/DSD/Project/project/CookieJar.vhd Line: 10
Warning (13012): Latch tempCount[0] has unsafe behavior File: D:/important_stuff/GUC/Sem5/DSD/Project/project/CookieJar.vhd Line: 41
    Warning (13013): Ports D and ENA on the latch are fed by the same signal keypad[0] File: D:/important_stuff/GUC/Sem5/DSD/Project/project/CookieJar.vhd Line: 10
Warning (13024): Output pins are stuck at VCC or GND
    Warning (13410): Pin "seg5[6]" is stuck at GND File: D:/important_stuff/GUC/Sem5/DSD/Project/project/CookieJar.vhd Line: 12
    Warning (13410): Pin "seg5[5]" is stuck at GND File: D:/important_stuff/GUC/Sem5/DSD/Project/project/CookieJar.vhd Line: 12
    Warning (13410): Pin "seg5[4]" is stuck at GND File: D:/important_stuff/GUC/Sem5/DSD/Project/project/CookieJar.vhd Line: 12
    Warning (13410): Pin "seg5[1]" is stuck at GND File: D:/important_stuff/GUC/Sem5/DSD/Project/project/CookieJar.vhd Line: 12
    Warning (13410): Pin "seg4[7]" is stuck at VCC File: D:/important_stuff/GUC/Sem5/DSD/Project/project/CookieJar.vhd Line: 12
    Warning (13410): Pin "seg4[6]" is stuck at GND File: D:/important_stuff/GUC/Sem5/DSD/Project/project/CookieJar.vhd Line: 12
    Warning (13410): Pin "seg4[5]" is stuck at GND File: D:/important_stuff/GUC/Sem5/DSD/Project/project/CookieJar.vhd Line: 12
    Warning (13410): Pin "seg4[2]" is stuck at GND File: D:/important_stuff/GUC/Sem5/DSD/Project/project/CookieJar.vhd Line: 12
    Warning (13410): Pin "seg4[1]" is stuck at GND File: D:/important_stuff/GUC/Sem5/DSD/Project/project/CookieJar.vhd Line: 12
    Warning (13410): Pin "seg3[7]" is stuck at VCC File: D:/important_stuff/GUC/Sem5/DSD/Project/project/CookieJar.vhd Line: 12
    Warning (13410): Pin "seg3[6]" is stuck at GND File: D:/important_stuff/GUC/Sem5/DSD/Project/project/CookieJar.vhd Line: 12
    Warning (13410): Pin "seg3[3]" is stuck at GND File: D:/important_stuff/GUC/Sem5/DSD/Project/project/CookieJar.vhd Line: 12
    Warning (13410): Pin "seg3[2]" is stuck at GND File: D:/important_stuff/GUC/Sem5/DSD/Project/project/CookieJar.vhd Line: 12
    Warning (13410): Pin "seg3[1]" is stuck at GND File: D:/important_stuff/GUC/Sem5/DSD/Project/project/CookieJar.vhd Line: 12
    Warning (13410): Pin "seg2[6]" is stuck at GND File: D:/important_stuff/GUC/Sem5/DSD/Project/project/CookieJar.vhd Line: 12
    Warning (13410): Pin "seg2[5]" is stuck at GND File: D:/important_stuff/GUC/Sem5/DSD/Project/project/CookieJar.vhd Line: 12
    Warning (13410): Pin "seg2[2]" is stuck at GND File: D:/important_stuff/GUC/Sem5/DSD/Project/project/CookieJar.vhd Line: 12
    Warning (13410): Pin "seg2[1]" is stuck at GND File: D:/important_stuff/GUC/Sem5/DSD/Project/project/CookieJar.vhd Line: 12
Info (286030): Timing-Driven Synthesis is running
Info (16010): Generating hard_block partition "hard_block:auto_generated_inst"
    Info (16011): Adding 0 node(s), including 0 DDIO, 0 PLL, 0 transceiver and 0 LCELL
Info (21057): Implemented 80 device resources after synthesis - the final resource count might be different
    Info (21058): Implemented 5 input pins
    Info (21059): Implemented 43 output pins
    Info (21061): Implemented 32 logic cells
Info: Quartus Prime Analysis & Synthesis was successful. 0 errors, 32 warnings
    Info: Peak virtual memory: 4830 megabytes
    Info: Processing ended: Tue Dec 13 11:04:01 2022
    Info: Elapsed time: 00:00:29
    Info: Total CPU time (on all processors): 00:00:25


